<?xml version="1.0" encoding="UTF-8"?>
<testng-results skipped="0" failed="0" ignored="0" total="1" passed="1">
  <reporter-output>
  </reporter-output>
  <suite name="Suite" duration-ms="11702" started-at="2018-07-23T09:15:45Z" finished-at="2018-07-23T09:15:56Z">
    <groups>
    </groups>
    <test name="Test" duration-ms="11702" started-at="2018-07-23T09:15:45Z" finished-at="2018-07-23T09:15:56Z">
      <class name="main.test1">
        <test-method status="PASS" signature="setUp(java.lang.String)[pri:0, instance:main.test1@246ae04d]" name="setUp" is-config="true" duration-ms="3289" started-at="2018-07-23T11:15:45Z" finished-at="2018-07-23T11:15:48Z">
          <params>
            <param index="0">
              <value>
                <![CDATA[firefox]]>
              </value>
            </param>
          </params>
          <reporter-output>
          </reporter-output>
        </test-method> <!-- setUp -->
        <test-method status="PASS" signature="openHomePage()[pri:0, instance:main.test1@246ae04d]" name="openHomePage" is-config="true" duration-ms="0" started-at="2018-07-23T11:15:48Z" finished-at="2018-07-23T11:15:48Z">
          <reporter-output>
          </reporter-output>
        </test-method> <!-- openHomePage -->
        <test-method status="PASS" signature="searchTest()[pri:0, instance:main.test1@246ae04d]" name="searchTest" duration-ms="7983" started-at="2018-07-23T11:15:48Z" finished-at="2018-07-23T11:15:56Z">
          <reporter-output>
          </reporter-output>
        </test-method> <!-- searchTest -->
        <test-method status="PASS" signature="tearDown()[pri:0, instance:main.test1@246ae04d]" name="tearDown" is-config="true" duration-ms="412" started-at="2018-07-23T11:15:56Z" finished-at="2018-07-23T11:15:56Z">
          <reporter-output>
          </reporter-output>
        </test-method> <!-- tearDown -->
      </class> <!-- main.test1 -->
    </test> <!-- Test -->
  </suite> <!-- Suite -->
</testng-results>
