<?xml version="1.0" encoding="UTF-8"?>
<testng-results skipped="0" failed="0" ignored="0" total="1" passed="1">
  <reporter-output>
  </reporter-output>
  <suite name="Suite" duration-ms="15860" started-at="2018-07-23T09:13:05Z" finished-at="2018-07-23T09:13:21Z">
    <groups>
    </groups>
    <test name="Test" duration-ms="15860" started-at="2018-07-23T09:13:05Z" finished-at="2018-07-23T09:13:21Z">
      <class name="main.test1">
        <test-method status="PASS" signature="setUp(java.lang.String)[pri:0, instance:main.test1@5e3a8624]" name="setUp" is-config="true" duration-ms="3269" started-at="2018-07-23T11:13:05Z" finished-at="2018-07-23T11:13:08Z">
          <params>
            <param index="0">
              <value>
                <![CDATA[firefox]]>
              </value>
            </param>
          </params>
          <reporter-output>
          </reporter-output>
        </test-method> <!-- setUp -->
        <test-method status="PASS" signature="openHomePage()[pri:0, instance:main.test1@5e3a8624]" name="openHomePage" is-config="true" duration-ms="1" started-at="2018-07-23T11:13:08Z" finished-at="2018-07-23T11:13:08Z">
          <reporter-output>
          </reporter-output>
        </test-method> <!-- openHomePage -->
        <test-method status="PASS" signature="searchTest()[pri:0, instance:main.test1@5e3a8624]" name="searchTest" duration-ms="12212" started-at="2018-07-23T11:13:08Z" finished-at="2018-07-23T11:13:20Z">
          <reporter-output>
          </reporter-output>
        </test-method> <!-- searchTest -->
        <test-method status="PASS" signature="tearDown()[pri:0, instance:main.test1@5e3a8624]" name="tearDown" is-config="true" duration-ms="362" started-at="2018-07-23T11:13:20Z" finished-at="2018-07-23T11:13:21Z">
          <reporter-output>
          </reporter-output>
        </test-method> <!-- tearDown -->
      </class> <!-- main.test1 -->
    </test> <!-- Test -->
  </suite> <!-- Suite -->
</testng-results>
